     1                                  bits 32 ; assembling for the 32 bits architecture
     2                                  
     3                                  ; declare the EntryPoint (a label defining the very first instruction of the program)
     4                                  global start        
     5                                  
     6                                  ; declare external functions needed by our program
     7                                  extern exit               ; tell nasm that exit exists even if we won't be defining it
     8                                  import exit msvcrt.dll    ; exit is a function that ends the calling process. It is defined in msvcrt.dll
     9                                                            ; msvcrt.dll contains exit, printf and all the other important C-runtime specific functions
    10                                  
    11                                  ; our data is declared here (the variables needed by our program)
    12                                  segment data use32 class=data
    13 00000000 FF                          a db 255
    14 00000001 FF                          b db 255
    15 00000002 FF                          c db 255
    16 00000003 FF                          d db 255
    17                                  
    18                                  ; our code starts here
    19                                  segment code use32 class=code
    20                                      start:
    21 00000000 A0[00000000]                    mov AL, [a]
    22 00000005 0205[00000000]                  add AL, byte[a]; AL=a+a
    23 0000000B 8A15[02000000]                  mov DL, [c]
    24 00000011 0215[01000000]                  add DL, byte[b]
    25 00000017 0215[03000000]                  add DL, byte[d]; DL=c+b+d
    26 0000001D 28D0                            sub AL, DL
    27                                      
    28                                          ; exit(0)
    29 0000001F 6A00                            push    dword 0      ; push the parameter for exit onto the stack
    30 00000021 FF15[00000000]                  call    [exit]       ; call exit to terminate the program
