     1                                  bits 32 ; assembling for the 32 bits architecture
     2                                  
     3                                  ; declare the EntryPoint (a label defining the very first instruction of the program)
     4                                  global start        
     5                                  
     6                                  ; declare external functions needed by our program
     7                                  extern exit               ; tell nasm that exit exists even if we won't be defining it
     8                                  import exit msvcrt.dll    ; exit is a function that ends the calling process. It is defined in msvcrt.dll
     9                                                            ; msvcrt.dll contains exit, printf and all the other important C-runtime specific functions
    10                                  
    11                                  ; our data is declared here (the variables needed by our program)
    12                                  segment data use32 class=data
    13 00000000 0500                        a dw 5
    14 00000002 0100                        b dw 1
    15 00000004 0200                        c dw 2
    16 00000006 0300                        d dw 3
    17                                  
    18                                  ; our code starts here
    19                                  segment code use32 class=code
    20                                      start:
    21 00000000 66A1[02000000]                  mov AX, [b]
    22 00000006 668B1D[02000000]                mov BX, [b]
    23 0000000D 66031D[04000000]                add BX, [c]
    24 00000014 6629D8                          sub AX, BX
    25 00000017 660305[00000000]                add AX, [a]
    26                                          
    27                                          ; exit(0)
    28 0000001E 6A00                            push    dword 0      ; push the parameter for exit onto the stack
    29 00000020 FF15[00000000]                  call    [exit]       ; call exit to terminate the program
