     1                                  bits 32
     2                                  
     3                                  ;A file name and a text (defined in the data segment) are given. The text contains lowercase letters and spaces. Replace all the letters on even positions with their position. Create a file with the given name and w
     4                                  
     5                                  global start
     6                                  
     7                                  extern exit, fopen, fprintf, fclose
     8                                  import exit msvcrt.dll
     9                                  import fopen msvcrt.dll
    10                                  import fprintf msvcrt.dll
    11                                  import fclose msvcrt.dll
    12                                  
    13                                  segment data use32 class=data
    14 00000000 7369722E74787400            file_name db "sir.txt", 0
    15 00000008 7700                        access_mode db "w", 0
    16 0000000A 612062202063202064-         text db "a b  c  d e" 
    16 00000013 2065               
    17                                      len equ $-text
    18 00000015 FFFFFFFF                    file_descriptor dd -1           ; variable to hold the file descriptor
    19 00000019 00<rept>                    textd times len db 0
    20                                      
    21                                      
    22                                  ; our code starts here
    23                                  segment code use32 class=code
    24                                      start:
    25 00000000 B90B000000                      mov ecx, len
    26 00000005 BE00000000                      mov esi, 0
    27 0000000A BF00000000                      mov edi, 0
    28                                          
    29 0000000F E32C                            jecxz final_loopp
    30                                          loopp:
    31 00000011 8AA6[0A000000]                      mov ah, [text + esi]
    32                                              
    33 00000017 80FC20                              cmp ah, ' '
    34 0000001A 7418                                je spatiu ; spatiu
    35                                              
    36 0000001C 47                                  inc edi
    37 0000001D F7C701000000                        test edi, 1
    38 00000023 750F                                jnz spatiu ; impar
    39                                              
    40 00000025 83C730                              add edi, 48
    41 00000028 89BE[19000000]                      mov [textd + esi], edi
    42 0000002E 83EF30                              sub edi, 48
    43 00000031 46                                  inc esi
    44 00000032 EB07                                jmp endd
    45                                              
    46                                              spatiu:
    47 00000034 88A6[19000000]                          mov [textd + esi], ah
    48 0000003A 46                                      inc esi
    49                                              
    50                                              endd:
    51 0000003B E2D4                                    loop loopp
    52                                          final_loopp:
    53                                          
    54                                          
    55                                          
    56 0000003D 68[08000000]                    push dword access_mode     
    57 00000042 68[00000000]                    push dword file_name
    58 00000047 FF15[00000000]                  call [fopen]
    59 0000004D 83C408                          add esp, 4*2                
    60                                  
    61 00000050 A3[15000000]                    mov [file_descriptor], eax  
    62                                  
    63                                          ; verificam daca fisierul a fost creat
    64 00000055 83F800                          cmp eax, 0
    65 00000058 7423                            je final
    66                                  
    67 0000005A 68[19000000]                    push dword textd
    68 0000005F FF35[15000000]                  push dword [file_descriptor]
    69 00000065 FF15[00000000]                  call [fprintf]
    70 0000006B 83C408                          add esp, 4*2
    71                                  
    72 0000006E FF35[15000000]                  push dword [file_descriptor]
    73 00000074 FF15[00000000]                  call [fclose]
    74 0000007A 83C404                          add esp, 4
    75                                          
    76                                          final:
    77                                          
    78                                          ; exit(0)
    79 0000007D 6A00                            push dword 0
    80 0000007F FF15[00000000]                  call [exit]
    81                                              
    82                                              ;mov ah, [text + esi]
    83                                              
    84                                              ; cmp ah, ' '
    85                                              ; je spatiu ; spatiu
    86                                              
    87                                              ; test esi, 1
    88                                              ; jnz spatiu ; impar
    89                                              
    90                                              ; add esi, 48
    91                                              ; mov [textd + esi], esi
    92                                              ; sub esi, 48
    93                                              
    94                                              ; inc esi
    95                                              ; jmp endd
    96                                              
    97                                              ; spatiu:
    98                                              ; mov [textd + esi], ah
    99                                              ; inc esi
   100                                              ; endd:
   101                                              ; loop loopp
